TN:
SF:src/buildDiffTree.js
FN:11,(anonymous_0)
FN:15,(anonymous_1)
FNF:2
FNH:2
FNDA:30,(anonymous_0)
FNDA:108,(anonymous_1)
DA:11,2
DA:12,30
DA:13,30
DA:15,30
DA:16,108
DA:17,108
DA:19,108
DA:20,30
DA:26,78
DA:27,12
DA:33,66
DA:34,18
DA:40,48
DA:41,24
DA:48,24
DA:56,30
LF:16
LH:16
BRDA:19,0,0,30
BRDA:19,0,1,78
BRDA:26,1,0,12
BRDA:26,1,1,66
BRDA:33,2,0,18
BRDA:33,2,1,48
BRDA:40,3,0,24
BRDA:40,3,1,24
BRDA:40,4,0,48
BRDA:40,4,1,30
BRF:10
BRH:10
end_of_record
TN:
SF:src/index.js
FN:4,(anonymous_0)
FNF:1
FNH:1
FNDA:6,(anonymous_0)
DA:4,2
DA:5,6
DA:6,6
LF:3
LH:3
BRF:0
BRH:0
end_of_record
TN:
SF:src/parsers.js
FN:5,(anonymous_0)
FN:20,(anonymous_1)
FNF:2
FNH:2
FNDA:12,(anonymous_0)
FNDA:3,(anonymous_1)
DA:5,3
DA:6,12
DA:8,12
DA:10,6
DA:12,6
DA:14,0
DA:16,0
DA:20,3
DA:21,3
DA:22,3
DA:23,3
DA:24,3
DA:27,0
LF:13
LH:10
BRDA:8,0,0,6
BRDA:8,0,1,6
BRDA:8,0,2,0
BRDA:8,0,3,0
BRF:4
BRH:2
end_of_record
TN:
SF:src/formatters/index.js
FN:4,(anonymous_0)
FNF:1
FNH:1
FNDA:6,(anonymous_0)
DA:4,2
DA:5,6
DA:7,3
DA:9,3
DA:11,0
DA:13,0
LF:6
LH:4
BRDA:5,0,0,3
BRDA:5,0,1,3
BRDA:5,0,2,0
BRDA:5,0,3,0
BRF:4
BRH:2
end_of_record
TN:
SF:src/formatters/plain.js
FN:3,(anonymous_0)
FN:15,(anonymous_1)
FN:17,(anonymous_2)
FN:35,(anonymous_3)
FN:37,(anonymous_4)
FNF:5
FNH:5
FNDA:39,(anonymous_0)
FNDA:45,(anonymous_1)
FNDA:54,(anonymous_2)
FNDA:15,(anonymous_3)
FNDA:54,(anonymous_4)
DA:3,2
DA:4,39
DA:5,9
DA:7,30
DA:8,21
DA:11,9
DA:15,45
DA:17,2
DA:18,54
DA:20,54
DA:22,15
DA:24,6
DA:26,24
DA:27,12
DA:29,12
DA:31,9
DA:35,2
DA:36,15
DA:37,54
DA:39,15
LF:20
LH:20
BRDA:4,0,0,9
BRDA:4,0,1,30
BRDA:7,1,0,21
BRDA:7,1,1,9
BRDA:15,2,0,33
BRDA:15,2,1,12
BRDA:17,3,0,0
BRDA:20,4,0,15
BRDA:20,4,1,6
BRDA:20,4,2,24
BRDA:20,4,3,9
BRDA:26,5,0,12
BRDA:26,5,1,12
BRDA:35,6,0,3
BRF:14
BRH:13
end_of_record
TN:
SF:src/formatters/stylish.js
FN:3,(anonymous_0)
FN:13,(anonymous_1)
FN:35,(anonymous_2)
FN:39,(anonymous_3)
FN:41,(anonymous_4)
FN:47,(anonymous_5)
FN:52,(anonymous_6)
FN:53,(anonymous_7)
FNF:8
FNH:8
FNDA:105,(anonymous_0)
FNDA:54,(anonymous_1)
FNDA:81,(anonymous_2)
FNDA:33,(anonymous_3)
FNDA:27,(anonymous_4)
FNDA:42,(anonymous_5)
FNDA:3,(anonymous_6)
FNDA:12,(anonymous_7)
DA:3,2
DA:4,105
DA:9,105
DA:10,105
DA:13,2
DA:14,54
DA:15,54
DA:17,54
DA:19,15
DA:21,6
DA:23,9
DA:25,24
DA:26,12
DA:29,12
DA:31,0
DA:35,81
DA:39,2
DA:40,33
DA:41,21
DA:42,27
DA:44,21
DA:45,21
DA:47,42
DA:48,12
DA:49,12
DA:52,2
DA:53,12
DA:54,3
LF:28
LH:27
BRDA:15,0,0,24
BRDA:15,0,1,30
BRDA:17,1,0,15
BRDA:17,1,1,6
BRDA:17,1,2,9
BRDA:17,1,3,24
BRDA:17,1,4,0
BRDA:25,2,0,12
BRDA:25,2,1,12
BRDA:35,3,0,21
BRDA:35,3,1,60
BRDA:40,4,0,21
BRDA:40,4,1,12
BRF:13
BRH:12
end_of_record
