TN:
SF:src/fileRader.js
FN:4,(anonymous_0)
FNF:1
FNH:1
FNDA:2,(anonymous_0)
DA:4,1
DA:5,2
DA:6,2
DA:7,2
DA:8,2
DA:11,0
LF:6
LH:5
BRF:0
BRH:0
end_of_record
TN:
SF:src/index.js
FN:3,(anonymous_0)
FNF:1
FNH:1
FNDA:3,(anonymous_0)
DA:3,1
DA:4,3
DA:6,3
DA:8,0
LF:4
LH:3
BRDA:4,0,0,3
BRDA:4,0,1,0
BRF:2
BRH:1
end_of_record
TN:
SF:src/parser.js
FN:4,(anonymous_0)
FNF:1
FNH:1
FNDA:6,(anonymous_0)
DA:4,1
DA:5,6
DA:7,6
DA:9,3
DA:11,3
DA:13,0
LF:6
LH:5
BRDA:7,0,0,3
BRDA:7,0,1,3
BRDA:7,0,2,0
BRF:3
BRH:2
end_of_record
TN:
SF:src/stylish.js
FN:3,(anonymous_0)
FNF:1
FNH:1
FNDA:3,(anonymous_0)
DA:3,1
DA:4,3
DA:5,3
DA:6,3
DA:7,3
DA:9,3
DA:10,15
DA:11,3
DA:13,12
DA:14,6
DA:16,6
DA:17,3
DA:18,3
DA:21,3
DA:25,3
LF:15
LH:15
BRDA:10,0,0,3
BRDA:10,0,1,12
BRDA:13,1,0,6
BRDA:13,1,1,6
BRDA:16,2,0,3
BRDA:16,2,1,3
BRF:6
BRH:6
end_of_record
